
Showing logs for build [32mjayaanandborra-environment-jenk-2slr9-1[0m stage [32mfrom-build-pack[0m and container [32mstep-credential-initializer-sdmvp[0m
{"level":"info","ts":1588146214.7231696,"logger":"fallback-logger","caller":"logging/config.go:69","msg":"Fetch GitHub commit ID from kodata failed: open /var/run/ko/refs/heads/0.8.0-ns-support: no such file or directory"}
{"level":"info","ts":1588146214.7237961,"logger":"fallback-logger","caller":"creds-init/main.go:40","msg":"Credentials initialized."}

Showing logs for build [32mjayaanandborra-environment-jenk-2slr9-1[0m stage [32mfrom-build-pack[0m and container [32mstep-working-dir-initializer-5h5d7[0m
{"level":"info","ts":1588146216.0261993,"logger":"fallback-logger","caller":"logging/config.go:69","msg":"Fetch GitHub commit ID from kodata failed: open /var/run/ko/HEAD: no such file or directory"}
{"level":"info","ts":1588146216.028105,"logger":"fallback-logger","caller":"bash/main.go:64","msg":"Successfully executed command \"sh -c mkdir -p /workspace/source\"; output "}

Showing logs for build [32mjayaanandborra-environment-jenk-2slr9-1[0m stage [32mfrom-build-pack[0m and container [32mstep-place-tools[0m

Showing logs for build [32mjayaanandborra-environment-jenk-2slr9-1[0m stage [32mfrom-build-pack[0m and container [32mstep-git-source-jayaanandborra-environment-jenk-2slr9-nm9vn[0m
{"level":"info","ts":1588146219.2638495,"logger":"fallback-logger","caller":"logging/config.go:69","msg":"Fetch GitHub commit ID from kodata failed: open /var/run/ko/refs/heads/0.8.0-ns-support: no such file or directory"}
{"level":"info","ts":1588146219.594907,"logger":"fallback-logger","caller":"git/git.go:103","msg":"Successfully cloned https://github.com/**************/environment-jenkinsx-staging.git @ master in path /workspace/source"}

Showing logs for build [32mjayaanandborra-environment-jenk-2slr9-1[0m stage [32mfrom-build-pack[0m and container [32mstep-git-merge[0m
Using SHAs from PULL_REFS=master:57b84d6881e77e243c1743fbf1050fd866df9b3b,1:940e3b4ad757aecfdded465699ef7c472b0d7306
DEBUG: LC_ALL=C JX_LOG_LEVEL=error git fetch origin --unshallow 940e3b4ad757aecfdded465699ef7c472b0d7306: 57b84d6881e77e243c1743fbf1050fd866df9b3b:
DEBUG: ran git fetch --unshallow origin 940e3b4ad757aecfdded465699ef7c472b0d7306: 57b84d6881e77e243c1743fbf1050fd866df9b3b: in 
DEBUG: LC_ALL=C JX_LOG_LEVEL=error git branch
DEBUG: LC_ALL=C JX_LOG_LEVEL=error git checkout master
DEBUG: ran git checkout master in 
DEBUG: LC_ALL=C JX_LOG_LEVEL=error git reset --hard 57b84d6881e77e243c1743fbf1050fd866df9b3b
DEBUG: ran git reset --hard 57b84d6881e77e243c1743fbf1050fd866df9b3b in 
DEBUG: LC_ALL=C JX_LOG_LEVEL=error git clean -fd .
DEBUG: ran clean --force -d . in 
DEBUG: LC_ALL=C JX_LOG_LEVEL=error git merge 940e3b4ad757aecfdded465699ef7c472b0d7306
DEBUG: ran git merge 940e3b4ad757aecfdded465699ef7c472b0d7306 in 
DEBUG: LC_ALL=C JX_LOG_LEVEL=error git log --format=%H%x1f%an%x1f%ae%x1f%cn%x1f%ce%x1f%s%n%b%x1e 57b84d6881e77e243c1743fbf1050fd866df9b3b..HEAD
Merged SHA 940e3b4ad757aecfdded465699ef7c472b0d7306 with commit message 'chore: Promote angular-jenkins-x to version 0.0.1' into base branch master

Showing logs for build [32mjayaanandborra-environment-jenk-2slr9-1[0m stage [32mfrom-build-pack[0m and container [32mstep-build-helm-build[0m
WARNING: No $CHART_REPOSITORY defined so using the default value of: http://jenkins-x-chartmuseum:8080
Adding missing Helm repo: storage.googleapis.com https://storage.googleapis.com/chartmuseum.jenkins-x.io
Successfully added Helm repository storage.googleapis.com.
Adding missing Helm repo: jenkins-x-chartmuseum http://jenkins-x-chartmuseum:8080
Successfully added Helm repository jenkins-x-chartmuseum.
WARNING: No $CHART_REPOSITORY defined so using the default value of: http://jenkins-x-chartmuseum:8080
Adding missing Helm repo: chartmuseum.jenkins-x.io http://chartmuseum.jenkins-x.io
Successfully added Helm repository chartmuseum.jenkins-x.io.
