
Showing logs for build [32mjayaanandborra-environment-jenk-rt5hd-2[0m stage [32mfrom-build-pack[0m and container [32mstep-credential-initializer-nfp8m[0m
{"level":"info","ts":1588146381.0080874,"logger":"fallback-logger","caller":"logging/config.go:69","msg":"Fetch GitHub commit ID from kodata failed: open /var/run/ko/refs/heads/0.8.0-ns-support: no such file or directory"}
{"level":"info","ts":1588146381.0108855,"logger":"fallback-logger","caller":"creds-init/main.go:40","msg":"Credentials initialized."}

Showing logs for build [32mjayaanandborra-environment-jenk-rt5hd-2[0m stage [32mfrom-build-pack[0m and container [32mstep-working-dir-initializer-wt985[0m
{"level":"info","ts":1588146381.9057617,"logger":"fallback-logger","caller":"logging/config.go:69","msg":"Fetch GitHub commit ID from kodata failed: open /var/run/ko/HEAD: no such file or directory"}
{"level":"info","ts":1588146381.9140599,"logger":"fallback-logger","caller":"bash/main.go:64","msg":"Successfully executed command \"sh -c mkdir -p /workspace/source\"; output "}

Showing logs for build [32mjayaanandborra-environment-jenk-rt5hd-2[0m stage [32mfrom-build-pack[0m and container [32mstep-place-tools[0m

Showing logs for build [32mjayaanandborra-environment-jenk-rt5hd-2[0m stage [32mfrom-build-pack[0m and container [32mstep-git-source-jayaanandborra-environment-jenk-rt5hd-cn5xq[0m
{"level":"info","ts":1588146387.319877,"logger":"fallback-logger","caller":"logging/config.go:69","msg":"Fetch GitHub commit ID from kodata failed: open /var/run/ko/refs/heads/0.8.0-ns-support: no such file or directory"}
{"level":"info","ts":1588146387.733772,"logger":"fallback-logger","caller":"git/git.go:103","msg":"Successfully cloned https://github.com/**************/environment-jenkinsx-staging.git @ master in path /workspace/source"}

Showing logs for build [32mjayaanandborra-environment-jenk-rt5hd-2[0m stage [32mfrom-build-pack[0m and container [32mstep-git-merge[0m
Using SHAs from PULL_REFS=master:a8823251d64d2ead5acc2c5beca7c9ce9f5c71a4,1:940e3b4ad757aecfdded465699ef7c472b0d7306
DEBUG: LC_ALL=C JX_LOG_LEVEL=error git fetch origin --unshallow 940e3b4ad757aecfdded465699ef7c472b0d7306: a8823251d64d2ead5acc2c5beca7c9ce9f5c71a4:
DEBUG: ran git fetch --unshallow origin 940e3b4ad757aecfdded465699ef7c472b0d7306: a8823251d64d2ead5acc2c5beca7c9ce9f5c71a4: in 
DEBUG: LC_ALL=C JX_LOG_LEVEL=error git branch
DEBUG: LC_ALL=C JX_LOG_LEVEL=error git checkout master
DEBUG: ran git checkout master in 
DEBUG: LC_ALL=C JX_LOG_LEVEL=error git reset --hard a8823251d64d2ead5acc2c5beca7c9ce9f5c71a4
DEBUG: ran git reset --hard a8823251d64d2ead5acc2c5beca7c9ce9f5c71a4 in 
DEBUG: LC_ALL=C JX_LOG_LEVEL=error git clean -fd .
DEBUG: ran clean --force -d . in 
DEBUG: LC_ALL=C JX_LOG_LEVEL=error git merge 940e3b4ad757aecfdded465699ef7c472b0d7306
DEBUG: ran git merge 940e3b4ad757aecfdded465699ef7c472b0d7306 in 
DEBUG: LC_ALL=C JX_LOG_LEVEL=error git log --format=%H%x1f%an%x1f%ae%x1f%cn%x1f%ce%x1f%s%n%b%x1e a8823251d64d2ead5acc2c5beca7c9ce9f5c71a4..HEAD

Showing logs for build [32mjayaanandborra-environment-jenk-rt5hd-2[0m stage [32mfrom-build-pack[0m and container [32mstep-build-helm-build[0m
WARNING: No $CHART_REPOSITORY defined so using the default value of: http://jenkins-x-chartmuseum:8080
Adding missing Helm repo: storage.googleapis.com https://storage.googleapis.com/chartmuseum.jenkins-x.io
Successfully added Helm repository storage.googleapis.com.
Adding missing Helm repo: jenkins-x-chartmuseum http://jenkins-x-chartmuseum:8080
Successfully added Helm repository jenkins-x-chartmuseum.
WARNING: No $CHART_REPOSITORY defined so using the default value of: http://jenkins-x-chartmuseum:8080
Adding missing Helm repo: chartmuseum.jenkins-x.io http://chartmuseum.jenkins-x.io
Successfully added Helm repository chartmuseum.jenkins-x.io.
