
Showing logs for build [32mjayaanandborra-environment-jenk-lbxfw-1[0m stage [32mfrom-build-pack[0m and container [32mstep-credential-initializer-xg2rq[0m
{"level":"info","ts":1588158786.9403446,"logger":"fallback-logger","caller":"logging/config.go:69","msg":"Fetch GitHub commit ID from kodata failed: open /var/run/ko/refs/heads/0.8.0-ns-support: no such file or directory"}
{"level":"info","ts":1588158786.940959,"logger":"fallback-logger","caller":"creds-init/main.go:40","msg":"Credentials initialized."}

Showing logs for build [32mjayaanandborra-environment-jenk-lbxfw-1[0m stage [32mfrom-build-pack[0m and container [32mstep-working-dir-initializer-w7pb9[0m
{"level":"info","ts":1588158788.0651536,"logger":"fallback-logger","caller":"logging/config.go:69","msg":"Fetch GitHub commit ID from kodata failed: open /var/run/ko/HEAD: no such file or directory"}
{"level":"info","ts":1588158788.0668838,"logger":"fallback-logger","caller":"bash/main.go:64","msg":"Successfully executed command \"sh -c mkdir -p /workspace/source\"; output "}

Showing logs for build [32mjayaanandborra-environment-jenk-lbxfw-1[0m stage [32mfrom-build-pack[0m and container [32mstep-place-tools[0m

Showing logs for build [32mjayaanandborra-environment-jenk-lbxfw-1[0m stage [32mfrom-build-pack[0m and container [32mstep-git-source-jayaanandborra-environment-jenk-lbxfw-g24mb[0m
{"level":"info","ts":1588158793.1638446,"logger":"fallback-logger","caller":"logging/config.go:69","msg":"Fetch GitHub commit ID from kodata failed: open /var/run/ko/refs/heads/0.8.0-ns-support: no such file or directory"}
{"level":"info","ts":1588158793.5188715,"logger":"fallback-logger","caller":"git/git.go:103","msg":"Successfully cloned https://github.com/**************/environment-jenkinsx-staging.git @ master in path /workspace/source"}

Showing logs for build [32mjayaanandborra-environment-jenk-lbxfw-1[0m stage [32mfrom-build-pack[0m and container [32mstep-git-merge[0m
Using SHAs from PULL_REFS=master:cd320c46f2d092e2f3602359b6b02734cf2c59c6,3:c1e79ee822235551ee7887096311345e970bbf42
DEBUG: LC_ALL=C JX_LOG_LEVEL=error git fetch origin --unshallow c1e79ee822235551ee7887096311345e970bbf42: cd320c46f2d092e2f3602359b6b02734cf2c59c6:
DEBUG: ran git fetch --unshallow origin c1e79ee822235551ee7887096311345e970bbf42: cd320c46f2d092e2f3602359b6b02734cf2c59c6: in 
DEBUG: LC_ALL=C JX_LOG_LEVEL=error git branch
DEBUG: LC_ALL=C JX_LOG_LEVEL=error git checkout master
DEBUG: ran git checkout master in 
DEBUG: JX_LOG_LEVEL=error LC_ALL=C git reset --hard cd320c46f2d092e2f3602359b6b02734cf2c59c6
DEBUG: ran git reset --hard cd320c46f2d092e2f3602359b6b02734cf2c59c6 in 
DEBUG: LC_ALL=C JX_LOG_LEVEL=error git clean -fd .
DEBUG: ran clean --force -d . in 
DEBUG: LC_ALL=C JX_LOG_LEVEL=error git merge c1e79ee822235551ee7887096311345e970bbf42
DEBUG: ran git merge c1e79ee822235551ee7887096311345e970bbf42 in 
DEBUG: LC_ALL=C JX_LOG_LEVEL=error git log --format=%H%x1f%an%x1f%ae%x1f%cn%x1f%ce%x1f%s%n%b%x1e cd320c46f2d092e2f3602359b6b02734cf2c59c6..HEAD
Merged SHA c1e79ee822235551ee7887096311345e970bbf42 with commit message 'chore: Promote nwf-jenkinsx to version 0.0.1' into base branch master

Showing logs for build [32mjayaanandborra-environment-jenk-lbxfw-1[0m stage [32mfrom-build-pack[0m and container [32mstep-build-helm-build[0m
WARNING: No $CHART_REPOSITORY defined so using the default value of: http://jenkins-x-chartmuseum:8080
Adding missing Helm repo: storage.googleapis.com https://storage.googleapis.com/chartmuseum.jenkins-x.io
Successfully added Helm repository storage.googleapis.com.
Adding missing Helm repo: jenkins-x-chartmuseum http://jenkins-x-chartmuseum:8080
Successfully added Helm repository jenkins-x-chartmuseum.
WARNING: No $CHART_REPOSITORY defined so using the default value of: http://jenkins-x-chartmuseum:8080
Adding missing Helm repo: chartmuseum.jenkins-x.io http://chartmuseum.jenkins-x.io
Successfully added Helm repository chartmuseum.jenkins-x.io.
