
Showing logs for build [32mjayaanandborra-environment-jenk-v9zvl-1[0m stage [32mfrom-build-pack[0m and container [32mstep-credential-initializer-xgnsf[0m
{"level":"info","ts":1588772777.113681,"logger":"fallback-logger","caller":"logging/config.go:69","msg":"Fetch GitHub commit ID from kodata failed: open /var/run/ko/refs/heads/0.8.0-ns-support: no such file or directory"}
{"level":"info","ts":1588772777.1144242,"logger":"fallback-logger","caller":"creds-init/main.go:40","msg":"Credentials initialized."}

Showing logs for build [32mjayaanandborra-environment-jenk-v9zvl-1[0m stage [32mfrom-build-pack[0m and container [32mstep-working-dir-initializer-v4k5h[0m
{"level":"info","ts":1588772778.5074937,"logger":"fallback-logger","caller":"logging/config.go:69","msg":"Fetch GitHub commit ID from kodata failed: open /var/run/ko/HEAD: no such file or directory"}
{"level":"info","ts":1588772778.5092056,"logger":"fallback-logger","caller":"bash/main.go:64","msg":"Successfully executed command \"sh -c mkdir -p /workspace/source\"; output "}

Showing logs for build [32mjayaanandborra-environment-jenk-v9zvl-1[0m stage [32mfrom-build-pack[0m and container [32mstep-place-tools[0m

Showing logs for build [32mjayaanandborra-environment-jenk-v9zvl-1[0m stage [32mfrom-build-pack[0m and container [32mstep-git-source-jayaanandborra-environment-jenk-v9zvl-jpks9[0m
{"level":"info","ts":1588772784.5810895,"logger":"fallback-logger","caller":"logging/config.go:69","msg":"Fetch GitHub commit ID from kodata failed: open /var/run/ko/refs/heads/0.8.0-ns-support: no such file or directory"}
{"level":"info","ts":1588772784.9670494,"logger":"fallback-logger","caller":"git/git.go:103","msg":"Successfully cloned https://github.com/**************/environment-jenkinsx-staging.git @ master in path /workspace/source"}

Showing logs for build [32mjayaanandborra-environment-jenk-v9zvl-1[0m stage [32mfrom-build-pack[0m and container [32mstep-git-merge[0m
Using SHAs from PULL_REFS=master:ee2a17dd6fd15b42f45003bde2100a6404e13714,6:b612fbc01ca264ae22093b9b81d20e86b9ae7ffa
DEBUG: LC_ALL=C JX_LOG_LEVEL=error git fetch origin --unshallow b612fbc01ca264ae22093b9b81d20e86b9ae7ffa: ee2a17dd6fd15b42f45003bde2100a6404e13714:
DEBUG: ran git fetch --unshallow origin b612fbc01ca264ae22093b9b81d20e86b9ae7ffa: ee2a17dd6fd15b42f45003bde2100a6404e13714: in 
DEBUG: LC_ALL=C JX_LOG_LEVEL=error git branch
DEBUG: LC_ALL=C JX_LOG_LEVEL=error git checkout master
DEBUG: ran git checkout master in 
DEBUG: JX_LOG_LEVEL=error LC_ALL=C git reset --hard ee2a17dd6fd15b42f45003bde2100a6404e13714
DEBUG: ran git reset --hard ee2a17dd6fd15b42f45003bde2100a6404e13714 in 
DEBUG: LC_ALL=C JX_LOG_LEVEL=error git clean -fd .
DEBUG: ran clean --force -d . in 
DEBUG: LC_ALL=C JX_LOG_LEVEL=error git merge b612fbc01ca264ae22093b9b81d20e86b9ae7ffa
DEBUG: ran git merge b612fbc01ca264ae22093b9b81d20e86b9ae7ffa in 
DEBUG: LC_ALL=C JX_LOG_LEVEL=error git log --format=%H%x1f%an%x1f%ae%x1f%cn%x1f%ce%x1f%s%n%b%x1e ee2a17dd6fd15b42f45003bde2100a6404e13714..HEAD
Merged SHA b612fbc01ca264ae22093b9b81d20e86b9ae7ffa with commit message 'chore: Promote spring-boot-http-gradle to version 0.0.3' into base branch master

Showing logs for build [32mjayaanandborra-environment-jenk-v9zvl-1[0m stage [32mfrom-build-pack[0m and container [32mstep-build-helm-build[0m
WARNING: No $CHART_REPOSITORY defined so using the default value of: http://jenkins-x-chartmuseum:8080
Adding missing Helm repo: storage.googleapis.com https://storage.googleapis.com/chartmuseum.jenkins-x.io
Successfully added Helm repository storage.googleapis.com.
Adding missing Helm repo: jenkins-x-chartmuseum http://jenkins-x-chartmuseum:8080
Successfully added Helm repository jenkins-x-chartmuseum.
WARNING: No $CHART_REPOSITORY defined so using the default value of: http://jenkins-x-chartmuseum:8080
Adding missing Helm repo: chartmuseum.jenkins-x.io http://chartmuseum.jenkins-x.io
Successfully added Helm repository chartmuseum.jenkins-x.io.
