
Showing logs for build [32mjayaanandborra-environment-jenk-cjpzk-1[0m stage [32mfrom-build-pack[0m and container [32mstep-credential-initializer-snh59[0m
{"level":"info","ts":1588148425.8808978,"logger":"fallback-logger","caller":"logging/config.go:69","msg":"Fetch GitHub commit ID from kodata failed: open /var/run/ko/refs/heads/0.8.0-ns-support: no such file or directory"}
{"level":"info","ts":1588148425.8816857,"logger":"fallback-logger","caller":"creds-init/main.go:40","msg":"Credentials initialized."}

Showing logs for build [32mjayaanandborra-environment-jenk-cjpzk-1[0m stage [32mfrom-build-pack[0m and container [32mstep-working-dir-initializer-f9rz5[0m
{"level":"info","ts":1588148426.8433037,"logger":"fallback-logger","caller":"logging/config.go:69","msg":"Fetch GitHub commit ID from kodata failed: open /var/run/ko/HEAD: no such file or directory"}
{"level":"info","ts":1588148426.8447242,"logger":"fallback-logger","caller":"bash/main.go:64","msg":"Successfully executed command \"sh -c mkdir -p /workspace/source\"; output "}

Showing logs for build [32mjayaanandborra-environment-jenk-cjpzk-1[0m stage [32mfrom-build-pack[0m and container [32mstep-place-tools[0m

Showing logs for build [32mjayaanandborra-environment-jenk-cjpzk-1[0m stage [32mfrom-build-pack[0m and container [32mstep-git-source-jayaanandborra-environment-jenk-cjpzk-gnlhf[0m
{"level":"info","ts":1588148433.0723767,"logger":"fallback-logger","caller":"logging/config.go:69","msg":"Fetch GitHub commit ID from kodata failed: open /var/run/ko/refs/heads/0.8.0-ns-support: no such file or directory"}
{"level":"info","ts":1588148433.452542,"logger":"fallback-logger","caller":"git/git.go:103","msg":"Successfully cloned https://github.com/**************/environment-jenkinsx-staging.git @ master in path /workspace/source"}

Showing logs for build [32mjayaanandborra-environment-jenk-cjpzk-1[0m stage [32mfrom-build-pack[0m and container [32mstep-git-merge[0m
Using SHAs from PULL_REFS=master:a8823251d64d2ead5acc2c5beca7c9ce9f5c71a4,2:611d879429f1eddf4c4c0efa250b3e1039a06867
DEBUG: LC_ALL=C JX_LOG_LEVEL=error git fetch origin --unshallow 611d879429f1eddf4c4c0efa250b3e1039a06867: a8823251d64d2ead5acc2c5beca7c9ce9f5c71a4:
DEBUG: ran git fetch --unshallow origin 611d879429f1eddf4c4c0efa250b3e1039a06867: a8823251d64d2ead5acc2c5beca7c9ce9f5c71a4: in 
DEBUG: LC_ALL=C JX_LOG_LEVEL=error git branch
DEBUG: JX_LOG_LEVEL=error LC_ALL=C git checkout master
DEBUG: ran git checkout master in 
DEBUG: LC_ALL=C JX_LOG_LEVEL=error git reset --hard a8823251d64d2ead5acc2c5beca7c9ce9f5c71a4
DEBUG: ran git reset --hard a8823251d64d2ead5acc2c5beca7c9ce9f5c71a4 in 
DEBUG: LC_ALL=C JX_LOG_LEVEL=error git clean -fd .
DEBUG: ran clean --force -d . in 
DEBUG: LC_ALL=C JX_LOG_LEVEL=error git merge 611d879429f1eddf4c4c0efa250b3e1039a06867
DEBUG: ran git merge 611d879429f1eddf4c4c0efa250b3e1039a06867 in 
DEBUG: LC_ALL=C JX_LOG_LEVEL=error git log --format=%H%x1f%an%x1f%ae%x1f%cn%x1f%ce%x1f%s%n%b%x1e a8823251d64d2ead5acc2c5beca7c9ce9f5c71a4..HEAD
Merged SHA 611d879429f1eddf4c4c0efa250b3e1039a06867 with commit message 'chore: Promote spring-boot-http-gradle to version 0.0.1' into base branch master

Showing logs for build [32mjayaanandborra-environment-jenk-cjpzk-1[0m stage [32mfrom-build-pack[0m and container [32mstep-build-helm-build[0m
WARNING: No $CHART_REPOSITORY defined so using the default value of: http://jenkins-x-chartmuseum:8080
Adding missing Helm repo: storage.googleapis.com https://storage.googleapis.com/chartmuseum.jenkins-x.io
Successfully added Helm repository storage.googleapis.com.
Adding missing Helm repo: jenkins-x-chartmuseum http://jenkins-x-chartmuseum:8080
Successfully added Helm repository jenkins-x-chartmuseum.
WARNING: No $CHART_REPOSITORY defined so using the default value of: http://jenkins-x-chartmuseum:8080
Adding missing Helm repo: chartmuseum.jenkins-x.io http://chartmuseum.jenkins-x.io
Successfully added Helm repository chartmuseum.jenkins-x.io.
