
Showing logs for build [32mjayaanandborra-environment-jenk-n6qzb-1[0m stage [32mfrom-build-pack[0m and container [32mstep-credential-initializer-mrxh7[0m
{"level":"info","ts":1589261540.9346578,"logger":"fallback-logger","caller":"logging/config.go:69","msg":"Fetch GitHub commit ID from kodata failed: open /var/run/ko/refs/heads/0.8.0-ns-support: no such file or directory"}
{"level":"info","ts":1589261540.9353628,"logger":"fallback-logger","caller":"creds-init/main.go:40","msg":"Credentials initialized."}

Showing logs for build [32mjayaanandborra-environment-jenk-n6qzb-1[0m stage [32mfrom-build-pack[0m and container [32mstep-working-dir-initializer-spj46[0m
{"level":"info","ts":1589261541.8429,"logger":"fallback-logger","caller":"logging/config.go:69","msg":"Fetch GitHub commit ID from kodata failed: open /var/run/ko/HEAD: no such file or directory"}
{"level":"info","ts":1589261541.8500361,"logger":"fallback-logger","caller":"bash/main.go:64","msg":"Successfully executed command \"sh -c mkdir -p /workspace/source\"; output "}

Showing logs for build [32mjayaanandborra-environment-jenk-n6qzb-1[0m stage [32mfrom-build-pack[0m and container [32mstep-place-tools[0m

Showing logs for build [32mjayaanandborra-environment-jenk-n6qzb-1[0m stage [32mfrom-build-pack[0m and container [32mstep-git-source-jayaanandborra-environment-jenk-n6qzb-js4n9[0m
{"level":"info","ts":1589261545.9147468,"logger":"fallback-logger","caller":"logging/config.go:69","msg":"Fetch GitHub commit ID from kodata failed: open /var/run/ko/refs/heads/0.8.0-ns-support: no such file or directory"}
{"level":"info","ts":1589261546.280005,"logger":"fallback-logger","caller":"git/git.go:103","msg":"Successfully cloned https://github.com/**************/environment-jenkinsx-staging.git @ master in path /workspace/source"}

Showing logs for build [32mjayaanandborra-environment-jenk-n6qzb-1[0m stage [32mfrom-build-pack[0m and container [32mstep-git-merge[0m
Using SHAs from PULL_REFS=master:18da5ad258b330afce1ceea38d66c437793bd9d6,7:750ea4166c323144e06a1e1c716b5bebd9cc95ca
DEBUG: LC_ALL=C JX_LOG_LEVEL=error git fetch origin --unshallow 750ea4166c323144e06a1e1c716b5bebd9cc95ca: 18da5ad258b330afce1ceea38d66c437793bd9d6:
DEBUG: ran git fetch --unshallow origin 750ea4166c323144e06a1e1c716b5bebd9cc95ca: 18da5ad258b330afce1ceea38d66c437793bd9d6: in 
DEBUG: LC_ALL=C JX_LOG_LEVEL=error git branch
DEBUG: LC_ALL=C JX_LOG_LEVEL=error git checkout master
DEBUG: ran git checkout master in 
DEBUG: LC_ALL=C JX_LOG_LEVEL=error git reset --hard 18da5ad258b330afce1ceea38d66c437793bd9d6
DEBUG: ran git reset --hard 18da5ad258b330afce1ceea38d66c437793bd9d6 in 
DEBUG: LC_ALL=C JX_LOG_LEVEL=error git clean -fd .
DEBUG: ran clean --force -d . in 
DEBUG: LC_ALL=C JX_LOG_LEVEL=error git merge 750ea4166c323144e06a1e1c716b5bebd9cc95ca
DEBUG: ran git merge 750ea4166c323144e06a1e1c716b5bebd9cc95ca in 
DEBUG: LC_ALL=C JX_LOG_LEVEL=error git log --format=%H%x1f%an%x1f%ae%x1f%cn%x1f%ce%x1f%s%n%b%x1e 18da5ad258b330afce1ceea38d66c437793bd9d6..HEAD
Merged SHA 750ea4166c323144e06a1e1c716b5bebd9cc95ca with commit message 'chore: Promote spring-boot-http-gradle to version 0.0.4' into base branch master

Showing logs for build [32mjayaanandborra-environment-jenk-n6qzb-1[0m stage [32mfrom-build-pack[0m and container [32mstep-build-helm-build[0m
WARNING: No $CHART_REPOSITORY defined so using the default value of: http://jenkins-x-chartmuseum:8080
Adding missing Helm repo: storage.googleapis.com https://storage.googleapis.com/chartmuseum.jenkins-x.io
Successfully added Helm repository storage.googleapis.com.
Adding missing Helm repo: jenkins-x-chartmuseum http://jenkins-x-chartmuseum:8080
Successfully added Helm repository jenkins-x-chartmuseum.
WARNING: No $CHART_REPOSITORY defined so using the default value of: http://jenkins-x-chartmuseum:8080
Adding missing Helm repo: chartmuseum.jenkins-x.io http://chartmuseum.jenkins-x.io
Successfully added Helm repository chartmuseum.jenkins-x.io.
