
Showing logs for build [32mjayaanandborra-environment-jenk-8jms2-1[0m stage [32mfrom-build-pack[0m and container [32mstep-credential-initializer-sxlg8[0m
{"level":"info","ts":1588742470.5606134,"logger":"fallback-logger","caller":"logging/config.go:69","msg":"Fetch GitHub commit ID from kodata failed: open /var/run/ko/refs/heads/0.8.0-ns-support: no such file or directory"}
{"level":"info","ts":1588742470.561137,"logger":"fallback-logger","caller":"creds-init/main.go:40","msg":"Credentials initialized."}

Showing logs for build [32mjayaanandborra-environment-jenk-8jms2-1[0m stage [32mfrom-build-pack[0m and container [32mstep-working-dir-initializer-dkqtv[0m
{"level":"info","ts":1588742471.349328,"logger":"fallback-logger","caller":"logging/config.go:69","msg":"Fetch GitHub commit ID from kodata failed: open /var/run/ko/HEAD: no such file or directory"}
{"level":"info","ts":1588742471.3506718,"logger":"fallback-logger","caller":"bash/main.go:64","msg":"Successfully executed command \"sh -c mkdir -p /workspace/source\"; output "}

Showing logs for build [32mjayaanandborra-environment-jenk-8jms2-1[0m stage [32mfrom-build-pack[0m and container [32mstep-place-tools[0m

Showing logs for build [32mjayaanandborra-environment-jenk-8jms2-1[0m stage [32mfrom-build-pack[0m and container [32mstep-git-source-jayaanandborra-environment-jenk-8jms2-clmxx[0m
{"level":"info","ts":1588742476.5806086,"logger":"fallback-logger","caller":"logging/config.go:69","msg":"Fetch GitHub commit ID from kodata failed: open /var/run/ko/refs/heads/0.8.0-ns-support: no such file or directory"}
{"level":"info","ts":1588742476.962251,"logger":"fallback-logger","caller":"git/git.go:103","msg":"Successfully cloned https://github.com/**************/environment-jenkinsx-staging.git @ master in path /workspace/source"}

Showing logs for build [32mjayaanandborra-environment-jenk-8jms2-1[0m stage [32mfrom-build-pack[0m and container [32mstep-git-merge[0m
Using SHAs from PULL_REFS=master:4c2c42e4ae36461a40224ba4ecdf66c9c9754644,5:f365cbd6de77943c52bfcba27a356b9fe3d11ec1
DEBUG: LC_ALL=C JX_LOG_LEVEL=error git fetch origin --unshallow f365cbd6de77943c52bfcba27a356b9fe3d11ec1: 4c2c42e4ae36461a40224ba4ecdf66c9c9754644:
DEBUG: ran git fetch --unshallow origin f365cbd6de77943c52bfcba27a356b9fe3d11ec1: 4c2c42e4ae36461a40224ba4ecdf66c9c9754644: in 
DEBUG: LC_ALL=C JX_LOG_LEVEL=error git branch
DEBUG: LC_ALL=C JX_LOG_LEVEL=error git checkout master
DEBUG: ran git checkout master in 
DEBUG: LC_ALL=C JX_LOG_LEVEL=error git reset --hard 4c2c42e4ae36461a40224ba4ecdf66c9c9754644
DEBUG: ran git reset --hard 4c2c42e4ae36461a40224ba4ecdf66c9c9754644 in 
DEBUG: LC_ALL=C JX_LOG_LEVEL=error git clean -fd .
DEBUG: ran clean --force -d . in 
DEBUG: LC_ALL=C JX_LOG_LEVEL=error git merge f365cbd6de77943c52bfcba27a356b9fe3d11ec1
DEBUG: ran git merge f365cbd6de77943c52bfcba27a356b9fe3d11ec1 in 
DEBUG: LC_ALL=C JX_LOG_LEVEL=error git log --format=%H%x1f%an%x1f%ae%x1f%cn%x1f%ce%x1f%s%n%b%x1e 4c2c42e4ae36461a40224ba4ecdf66c9c9754644..HEAD
Merged SHA f365cbd6de77943c52bfcba27a356b9fe3d11ec1 with commit message 'chore: Promote spring-boot-http-gradle to version 0.0.2' into base branch master

Showing logs for build [32mjayaanandborra-environment-jenk-8jms2-1[0m stage [32mfrom-build-pack[0m and container [32mstep-build-helm-build[0m
WARNING: No $CHART_REPOSITORY defined so using the default value of: http://jenkins-x-chartmuseum:8080
Adding missing Helm repo: storage.googleapis.com https://storage.googleapis.com/chartmuseum.jenkins-x.io
Successfully added Helm repository storage.googleapis.com.
Adding missing Helm repo: jenkins-x-chartmuseum http://jenkins-x-chartmuseum:8080
Successfully added Helm repository jenkins-x-chartmuseum.
WARNING: No $CHART_REPOSITORY defined so using the default value of: http://jenkins-x-chartmuseum:8080
Adding missing Helm repo: chartmuseum.jenkins-x.io http://chartmuseum.jenkins-x.io
Successfully added Helm repository chartmuseum.jenkins-x.io.
